<?xml version="1.0" encoding="UTF-8"?>
<!-- Generated by org.testng.reporters.JUnitXMLReporter -->
<testsuite ignored="0" hostname="DESKTOP-PGAEN7G" failures="0" tests="4" name="Default test" time="28.047" errors="0" timestamp="2022-04-14T10:41:31 IDT">
  <testcase classname="zengoT.test" name="test1" time="0.045"/>
  <testcase classname="zengoT.test" name="test2" time="1.862"/>
  <testcase classname="zengoT.test" name="test3" time="0.036"/>
  <testcase classname="zengoT.test" name="test4" time="0.162"/>
</testsuite> <!-- Default test -->
