<?xml version="1.0" encoding="UTF-8"?>
<testng-results ignored="0" total="4" passed="4" failed="0" skipped="0">
  <reporter-output>
  </reporter-output>
  <suite started-at="2022-04-14T09:03:26 IDT" name="Default suite" finished-at="2022-04-14T09:03:48 IDT" duration-ms="22092">
    <groups>
    </groups>
    <test started-at="2022-04-14T09:03:26 IDT" name="Default test" finished-at="2022-04-14T09:03:48 IDT" duration-ms="22092">
      <class name="zengoT.test">
        <test-method is-config="true" signature="beforeClass()[pri:0, instance:zengoT.test@6253c26]" started-at="2022-04-14T09:03:26 IDT" name="beforeClass" finished-at="2022-04-14T09:03:43 IDT" duration-ms="16228" status="PASS">
          <reporter-output>
          </reporter-output>
        </test-method> <!-- beforeClass -->
        <test-method signature="test1()[pri:0, instance:zengoT.test@6253c26]" started-at="2022-04-14T09:03:43 IDT" name="test1" finished-at="2022-04-14T09:03:43 IDT" duration-ms="45" status="PASS">
          <reporter-output>
          </reporter-output>
        </test-method> <!-- test1 -->
        <test-method signature="test2()[pri:0, instance:zengoT.test@6253c26]" started-at="2022-04-14T09:03:43 IDT" name="test2" finished-at="2022-04-14T09:03:48 IDT" duration-ms="5511" status="PASS">
          <reporter-output>
          </reporter-output>
        </test-method> <!-- test2 -->
        <test-method signature="test3()[pri:0, instance:zengoT.test@6253c26]" started-at="2022-04-14T09:03:48 IDT" name="test3" finished-at="2022-04-14T09:03:48 IDT" depends-on-methods="zengoT.test.test2" duration-ms="37" status="PASS">
          <reporter-output>
          </reporter-output>
        </test-method> <!-- test3 -->
        <test-method signature="test4()[pri:0, instance:zengoT.test@6253c26]" started-at="2022-04-14T09:03:48 IDT" name="test4" finished-at="2022-04-14T09:03:48 IDT" depends-on-methods="zengoT.test.test3" duration-ms="227" status="PASS">
          <reporter-output>
          </reporter-output>
        </test-method> <!-- test4 -->
        <test-method is-config="true" signature="afterClass()[pri:0, instance:zengoT.test@6253c26]" started-at="2022-04-14T09:03:48 IDT" name="afterClass" finished-at="2022-04-14T09:03:48 IDT" duration-ms="1" status="PASS">
          <reporter-output>
          </reporter-output>
        </test-method> <!-- afterClass -->
      </class> <!-- zengoT.test -->
    </test> <!-- Default test -->
  </suite> <!-- Default suite -->
</testng-results>
